Flow report for pipelined_computer
Wed Jun 10 22:39:18 2020
Quartus II 64-Bit Version 13.0.0 Build 156 04/24/2013 SJ Web Edition


---------------------
; Table of Contents ;
---------------------
  1. Legal Notice
  2. Flow Summary
  3. Flow Settings
  4. Flow Non-Default Global Settings
  5. Flow Elapsed Time
  6. Flow OS Summary
  7. Flow Log
  8. Flow Messages
  9. Flow Suppressed Messages



----------------
; Legal Notice ;
----------------
Copyright (C) 1991-2013 Altera Corporation
Your use of Altera Corporation's design tools, logic functions 
and other software and tools, and its AMPP partner logic 
functions, and any output files from any of the foregoing 
(including device programming or simulation files), and any 
associated documentation or information are expressly subject 
to the terms and conditions of the Altera Program License 
Subscription Agreement, Altera MegaCore Function License 
Agreement, or other applicable license agreement, including, 
without limitation, that your use is for the sole purpose of 
programming logic devices manufactured by Altera and sold by 
Altera or its authorized distributors.  Please refer to the 
applicable agreement for further details.



+---------------------------------------------------------------------------------+
; Flow Summary                                                                    ;
+------------------------------------+--------------------------------------------+
; Flow Status                        ; Successful - Wed Jun 10 22:39:18 2020      ;
; Quartus II 64-Bit Version          ; 13.0.0 Build 156 04/24/2013 SJ Web Edition ;
; Revision Name                      ; pipelined_computer                         ;
; Top-level Entity Name              ; pipelined_computer                         ;
; Family                             ; Cyclone II                                 ;
; Total logic elements               ; 3,443 / 33,216 ( 10 % )                    ;
;     Total combinational functions  ; 2,914 / 33,216 ( 9 % )                     ;
;     Dedicated logic registers      ; 1,557 / 33,216 ( 5 % )                     ;
; Total registers                    ; 1557                                       ;
; Total pins                         ; 367 / 475 ( 77 % )                         ;
; Total virtual pins                 ; 0                                          ;
; Total memory bits                  ; 3,072 / 483,840 ( < 1 % )                  ;
; Embedded Multiplier 9-bit elements ; 0 / 70 ( 0 % )                             ;
; Total PLLs                         ; 0 / 4 ( 0 % )                              ;
; Device                             ; EP2C35F672C6                               ;
; Timing Models                      ; Final                                      ;
+------------------------------------+--------------------------------------------+


+-----------------------------------------+
; Flow Settings                           ;
+-------------------+---------------------+
; Option            ; Setting             ;
+-------------------+---------------------+
; Start date & time ; 06/10/2020 22:01:56 ;
; Main task         ; Compilation         ;
; Revision Name     ; pipelined_computer  ;
+-------------------+---------------------+


+----------------------------------------------------------------------------------------------------------------------+
; Flow Non-Default Global Settings                                                                                     ;
+-------------------------------------+---------------------------------+---------------+-------------+----------------+
; Assignment Name                     ; Value                           ; Default Value ; Entity Name ; Section Id     ;
+-------------------------------------+---------------------------------+---------------+-------------+----------------+
; COMPILER_SIGNATURE_ID               ; 172308999815980.159179771503284 ; --            ; --          ; --             ;
; EDA_GENERATE_FUNCTIONAL_NETLIST     ; On                              ; --            ; --          ; eda_simulation ;
; EDA_OUTPUT_DATA_FORMAT              ; Verilog Hdl                     ; --            ; --          ; eda_simulation ;
; EDA_SIMULATION_TOOL                 ; ModelSim-Altera (Verilog)       ; <None>        ; --          ; --             ;
; PARTITION_COLOR                     ; 16764057                        ; --            ; --          ; Top            ;
; PARTITION_FITTER_PRESERVATION_LEVEL ; PLACEMENT_AND_ROUTING           ; --            ; --          ; Top            ;
; PARTITION_NETLIST_TYPE              ; SOURCE                          ; --            ; --          ; Top            ;
; PROJECT_OUTPUT_DIRECTORY            ; output_files                    ; --            ; --          ; --             ;
+-------------------------------------+---------------------------------+---------------+-------------+----------------+


+-------------------------------------------------------------------------------------------------------------------------------+
; Flow Elapsed Time                                                                                                             ;
+---------------------------+--------------+-------------------------+---------------------+------------------------------------+
; Module Name               ; Elapsed Time ; Average Processors Used ; Peak Virtual Memory ; Total CPU Time (on all processors) ;
+---------------------------+--------------+-------------------------+---------------------+------------------------------------+
; Analysis & Synthesis      ; 00:00:10     ; 1.0                     ; 4610 MB             ; 00:00:09                           ;
; Fitter                    ; 00:00:26     ; 1.0                     ; 4922 MB             ; 00:00:26                           ;
; Assembler                 ; 00:00:02     ; 1.0                     ; 4574 MB             ; 00:00:02                           ;
; TimeQuest Timing Analyzer ; 00:00:01     ; 1.0                     ; 4617 MB             ; 00:00:02                           ;
; EDA Netlist Writer        ; 00:00:01     ; 1.0                     ; 4550 MB             ; 00:00:01                           ;
; EDA Netlist Writer        ; 00:00:03     ; 1.0                     ; 4553 MB             ; 00:00:03                           ;
; EDA Netlist Writer        ; 00:00:01     ; 1.0                     ; 4553 MB             ; 00:00:01                           ;
; EDA Netlist Writer        ; 00:00:02     ; 1.0                     ; 4553 MB             ; 00:00:03                           ;
; EDA Netlist Writer        ; 00:00:01     ; 1.0                     ; 4553 MB             ; 00:00:01                           ;
; Total                     ; 00:00:47     ; --                      ; --                  ; 00:00:48                           ;
+---------------------------+--------------+-------------------------+---------------------+------------------------------------+


+----------------------------------------------------------------------------------------+
; Flow OS Summary                                                                        ;
+---------------------------+------------------+-----------+------------+----------------+
; Module Name               ; Machine Hostname ; OS Name   ; OS Version ; Processor type ;
+---------------------------+------------------+-----------+------------+----------------+
; Analysis & Synthesis      ; xps15            ; Windows 7 ; 6.2        ; x86_64         ;
; Fitter                    ; xps15            ; Windows 7 ; 6.2        ; x86_64         ;
; Assembler                 ; xps15            ; Windows 7 ; 6.2        ; x86_64         ;
; TimeQuest Timing Analyzer ; xps15            ; Windows 7 ; 6.2        ; x86_64         ;
; EDA Netlist Writer        ; xps15            ; Windows 7 ; 6.2        ; x86_64         ;
; EDA Netlist Writer        ; xps15            ; Windows 7 ; 6.2        ; x86_64         ;
; EDA Netlist Writer        ; xps15            ; Windows 7 ; 6.2        ; x86_64         ;
; EDA Netlist Writer        ; xps15            ; Windows 7 ; 6.2        ; x86_64         ;
; EDA Netlist Writer        ; xps15            ; Windows 7 ; 6.2        ; x86_64         ;
+---------------------------+------------------+-----------+------------+----------------+


------------
; Flow Log ;
------------
quartus_map --read_settings_files=on --write_settings_files=off pipelined_computer -c pipelined_computer
quartus_fit --read_settings_files=off --write_settings_files=off pipelined_computer -c pipelined_computer
quartus_asm --read_settings_files=off --write_settings_files=off pipelined_computer -c pipelined_computer
quartus_sta pipelined_computer -c pipelined_computer
quartus_eda --read_settings_files=off --write_settings_files=off pipelined_computer -c pipelined_computer
quartus_eda --gen_testbench --check_outputs=on --tool=modelsim_oem --format=verilog pipelined_computer -c pipelined_computer --vector_source="E:/altera/work5 pipelined cpu/pipelined_computer_test_wave_01.vwf" --testbench_file=./simulation/qsim/pipelined_computer.vt
quartus_eda --functional=on --simulation=on --tool=modelsim_oem --format=verilog pipelined_computer -c pipelined_computer
quartus_eda --gen_testbench --check_outputs=on --tool=modelsim_oem --format=verilog pipelined_computer -c pipelined_computer --vector_source="E:/altera/work5 pipelined cpu/pipelined_computer_test_wave_01.vwf" --testbench_file=./simulation/qsim/pipelined_computer.vt
quartus_eda --functional=on --simulation=on --tool=modelsim_oem --format=verilog pipelined_computer -c pipelined_computer



